0 info it worked if it ends with ok
1 verbose cli [ 'C:\\Program Files (x86)\\nodejs\\node.exe',
1 verbose cli   'C:\\Program Files (x86)\\nodejs\\node_modules\\npm\\bin\\npm-cli.js',
1 verbose cli   'run',
1 verbose cli   'lint' ]
2 info using npm@3.10.10
3 info using node@v6.10.0
4 verbose run-script [ 'prelint', 'lint', 'postlint' ]
5 info lifecycle visual@~prelint: visual@
6 silly lifecycle visual@~prelint: no script for prelint, continuing
7 info lifecycle visual@~lint: visual@
8 verbose lifecycle visual@~lint: unsafe-perm in lifecycle true
9 verbose lifecycle visual@~lint: PATH: C:\Program Files (x86)\nodejs\node_modules\npm\bin\node-gyp-bin;C:\Work\Power-BI-Custom-Visual-Fundamentals\node_modules\.bin;C:\Program Files\Microsoft MPI\Bin\;C:\Program Files (x86)\Python36-32\Scripts\;C:\Program Files (x86)\Python36-32\;C:\Python27;C:\ProgramData\Oracle\Java\javapath;C:\Program Files (x86)\Intel\iCLS Client\;C:\Program Files\Intel\iCLS Client\;C:\Windows\system32;C:\Windows;C:\Windows\System32\Wbem;C:\Windows\System32\WindowsPowerShell\v1.0\;C:\Program Files\Intel\Intel(R) Management Engine Components\DAL;C:\Program Files\Intel\Intel(R) Management Engine Components\IPT;C:\Program Files (x86)\Intel\Intel(R) Management Engine Components\DAL;C:\Program Files (x86)\Intel\Intel(R) Management Engine Components\IPT;C:\Program Files\Intel\WiFi\bin\;C:\Program Files\Common Files\Intel\WirelessCommon\;C:\WINDOWS\system32;C:\WINDOWS;C:\WINDOWS\System32\Wbem;C:\WINDOWS\System32\WindowsPowerShell\v1.0\;C:\Program Files (x86)\Skype\Phone\;C:\Program Files\Microsoft\Web Platform Installer\;C:\Program Files\Microsoft SQL Server\120\Tools\Binn\;C:\Program Files\Microsoft SQL Server\130\Tools\Binn\;C:\Program Files (x86)\Microsoft SQL Server\110\DTS\Bin;C:\Program Files (x86)\NVIDIA Corporation\PhysX\Common;C:\Program Files (x86)\Microsoft SQL Server\130\Tools\Binn\ManagementStudio\;C:\Program Files (x86)\GtkSharp\2.12\bin;C:\Program Files (x86)\Microsoft SQL Server\130\DTS\Binn\;C:\Program Files (x86)\Microsoft SQL Server\Client SDK\ODBC\130\Tools\Binn\;C:\Program Files (x86)\Microsoft SQL Server\130\Tools\Binn\;C:\Program Files (x86)\nodejs\;C:\Program Files\dotnet\;C:\Program Files\Git\cmd;C:\Program Files\Anaconda3;C:\Program Files\Anaconda3\Scripts;C:\Program Files\Anaconda3\Library\bin;C:\WINDOWS\system32;C:\WINDOWS;C:\WINDOWS\System32\Wbem;C:\WINDOWS\System32\WindowsPowerShell\v1.0\;C:\HashiCorp\Vagrant\bin;C:\Program Files (x86)\Yarn\bin;C:\Program Files\Intel\WiFi\bin\;C:\Program Files\Common Files\Intel\WirelessCommon\;C:\Users\Jorge\AppData\Local\Microsoft\WindowsApps;C:\Users\Jorge\AppData\Roaming\npm;C:\Users\Jorge\AppData\Local\Yarn\bin;C:\Program Files\Microsoft VS Code\bin
10 verbose lifecycle visual@~lint: CWD: C:\Work\Power-BI-Custom-Visual-Fundamentals
11 silly lifecycle visual@~lint: Args: [ '/d /s /c',
11 silly lifecycle   'node node_modules/tslint/bin/tslint "+(src|test)/**/*.ts"' ]
12 silly lifecycle visual@~lint: Returned: code: 2  signal: null
13 info lifecycle visual@~lint: Failed to exec lint script
14 verbose stack Error: visual@ lint: `node node_modules/tslint/bin/tslint "+(src|test)/**/*.ts"`
14 verbose stack Exit status 2
14 verbose stack     at EventEmitter.<anonymous> (C:\Program Files (x86)\nodejs\node_modules\npm\lib\utils\lifecycle.js:255:16)
14 verbose stack     at emitTwo (events.js:106:13)
14 verbose stack     at EventEmitter.emit (events.js:191:7)
14 verbose stack     at ChildProcess.<anonymous> (C:\Program Files (x86)\nodejs\node_modules\npm\lib\utils\spawn.js:40:14)
14 verbose stack     at emitTwo (events.js:106:13)
14 verbose stack     at ChildProcess.emit (events.js:191:7)
14 verbose stack     at maybeClose (internal/child_process.js:877:16)
14 verbose stack     at Process.ChildProcess._handle.onexit (internal/child_process.js:226:5)
15 verbose pkgid visual@
16 verbose cwd C:\Work\Power-BI-Custom-Visual-Fundamentals
17 error Windows_NT 10.0.15063
18 error argv "C:\\Program Files (x86)\\nodejs\\node.exe" "C:\\Program Files (x86)\\nodejs\\node_modules\\npm\\bin\\npm-cli.js" "run" "lint"
19 error node v6.10.0
20 error npm  v3.10.10
21 error code ELIFECYCLE
22 error visual@ lint: `node node_modules/tslint/bin/tslint "+(src|test)/**/*.ts"`
22 error Exit status 2
23 error Failed at the visual@ lint script 'node node_modules/tslint/bin/tslint "+(src|test)/**/*.ts"'.
23 error Make sure you have the latest version of node.js and npm installed.
23 error If you do, this is most likely a problem with the visual package,
23 error not with npm itself.
23 error Tell the author that this fails on your system:
23 error     node node_modules/tslint/bin/tslint "+(src|test)/**/*.ts"
23 error You can get information on how to open an issue for this project with:
23 error     npm bugs visual
23 error Or if that isn't available, you can get their info via:
23 error     npm owner ls visual
23 error There is likely additional logging output above.
24 verbose exit [ 1, true ]
